  [1m[36m (42.6ms)[0m  [1mCREATE TABLE "schema_migrations" ("version" character varying NOT NULL) [0m
  [1m[35m (3.9ms)[0m  CREATE UNIQUE INDEX  "unique_schema_migrations" ON "schema_migrations"  ("version")
  [1m[36mActiveRecord::SchemaMigration Load (1.2ms)[0m  [1mSELECT "schema_migrations".* FROM "schema_migrations"[0m
Migrating to CreateUsers (20150719204449)
  [1m[35m (0.6ms)[0m  BEGIN
  [1m[36m (21.8ms)[0m  [1mCREATE TABLE "users" ("id" serial primary key, "name" character varying, "email" character varying, "password_digest" character varying, "created_at" timestamp NOT NULL, "updated_at" timestamp NOT NULL) [0m
  [1m[35mSQL (1.9ms)[0m  INSERT INTO "schema_migrations" ("version") VALUES ($1)  [["version", "20150719204449"]]
  [1m[36m (0.6ms)[0m  [1mCOMMIT[0m
  [1m[35mActiveRecord::SchemaMigration Load (0.6ms)[0m  SELECT "schema_migrations".* FROM "schema_migrations"
  [1m[36m (6.5ms)[0m  [1mSELECT t2.oid::regclass::text AS to_table, a1.attname AS column, a2.attname AS primary_key, c.conname AS name, c.confupdtype AS on_update, c.confdeltype AS on_delete
FROM pg_constraint c
JOIN pg_class t1 ON c.conrelid = t1.oid
JOIN pg_class t2 ON c.confrelid = t2.oid
JOIN pg_attribute a1 ON a1.attnum = c.conkey[1] AND a1.attrelid = t1.oid
JOIN pg_attribute a2 ON a2.attnum = c.confkey[1] AND a2.attrelid = t2.oid
JOIN pg_namespace t3 ON c.connamespace = t3.oid
WHERE c.contype = 'f'
  AND t1.relname = 'users'
  AND t3.nspname = ANY (current_schemas(false))
ORDER BY c.conname
[0m
  [1m[36m (0.2ms)[0m  [1mBEGIN[0m
  [1m[35m (0.3ms)[0m  ROLLBACK
  [1m[36m (0.2ms)[0m  [1mBEGIN[0m
  [1m[35mUser Exists (4.6ms)[0m  SELECT  1 AS one FROM "users" WHERE LOWER("users"."email") = LOWER('kobe@lakers.com') LIMIT 1
  [1m[36mSQL (2.6ms)[0m  [1mINSERT INTO "users" ("name", "email", "password_digest", "created_at", "updated_at") VALUES ($1, $2, $3, $4, $5) RETURNING "id"[0m  [["name", "kobe"], ["email", "kobe@lakers.com"], ["password_digest", "$2a$10$ErC9IfsqBUsB8wygAu6lAeyC7dDkQ40vUCNyXr71VoT4zxR2cwzdK"], ["created_at", "2015-07-19 21:05:35.576547"], ["updated_at", "2015-07-19 21:05:35.576547"]]
  [1m[35m (1.4ms)[0m  COMMIT


Started GET "/" for ::1 at 2015-07-19 15:17:22 -0700
  [1m[36mActiveRecord::SchemaMigration Load (0.8ms)[0m  [1mSELECT "schema_migrations".* FROM "schema_migrations"[0m

AbstractController::ActionNotFound (The action 'index' could not be found for UsersController):
  actionpack (4.2.1) lib/abstract_controller/base.rb:132:in `process'
  actionview (4.2.1) lib/action_view/rendering.rb:30:in `process'
  actionpack (4.2.1) lib/action_controller/metal.rb:196:in `dispatch'
  actionpack (4.2.1) lib/action_controller/metal/rack_delegation.rb:13:in `dispatch'
  actionpack (4.2.1) lib/action_controller/metal.rb:237:in `block in action'
  actionpack (4.2.1) lib/action_dispatch/routing/route_set.rb:74:in `call'
  actionpack (4.2.1) lib/action_dispatch/routing/route_set.rb:74:in `dispatch'
  actionpack (4.2.1) lib/action_dispatch/routing/route_set.rb:43:in `serve'
  actionpack (4.2.1) lib/action_dispatch/journey/router.rb:43:in `block in serve'
  actionpack (4.2.1) lib/action_dispatch/journey/router.rb:30:in `each'
  actionpack (4.2.1) lib/action_dispatch/journey/router.rb:30:in `serve'
  actionpack (4.2.1) lib/action_dispatch/routing/route_set.rb:819:in `call'
  rack (1.6.4) lib/rack/etag.rb:24:in `call'
  rack (1.6.4) lib/rack/conditionalget.rb:25:in `call'
  rack (1.6.4) lib/rack/head.rb:13:in `call'
  actionpack (4.2.1) lib/action_dispatch/middleware/params_parser.rb:27:in `call'
  actionpack (4.2.1) lib/action_dispatch/middleware/flash.rb:260:in `call'
  rack (1.6.4) lib/rack/session/abstract/id.rb:225:in `context'
  rack (1.6.4) lib/rack/session/abstract/id.rb:220:in `call'
  actionpack (4.2.1) lib/action_dispatch/middleware/cookies.rb:560:in `call'
  activerecord (4.2.1) lib/active_record/query_cache.rb:36:in `call'
  activerecord (4.2.1) lib/active_record/connection_adapters/abstract/connection_pool.rb:649:in `call'
  activerecord (4.2.1) lib/active_record/migration.rb:378:in `call'
  actionpack (4.2.1) lib/action_dispatch/middleware/callbacks.rb:29:in `block in call'
  activesupport (4.2.1) lib/active_support/callbacks.rb:88:in `call'
  activesupport (4.2.1) lib/active_support/callbacks.rb:88:in `_run_callbacks'
  activesupport (4.2.1) lib/active_support/callbacks.rb:776:in `_run_call_callbacks'
  activesupport (4.2.1) lib/active_support/callbacks.rb:81:in `run_callbacks'
  actionpack (4.2.1) lib/action_dispatch/middleware/callbacks.rb:27:in `call'
  actionpack (4.2.1) lib/action_dispatch/middleware/reloader.rb:73:in `call'
  actionpack (4.2.1) lib/action_dispatch/middleware/remote_ip.rb:78:in `call'
  actionpack (4.2.1) lib/action_dispatch/middleware/debug_exceptions.rb:17:in `call'
  web-console (2.2.1) lib/web_console/middleware.rb:39:in `call'
  actionpack (4.2.1) lib/action_dispatch/middleware/show_exceptions.rb:30:in `call'
  railties (4.2.1) lib/rails/rack/logger.rb:38:in `call_app'
  railties (4.2.1) lib/rails/rack/logger.rb:20:in `block in call'
  activesupport (4.2.1) lib/active_support/tagged_logging.rb:68:in `block in tagged'
  activesupport (4.2.1) lib/active_support/tagged_logging.rb:26:in `tagged'
  activesupport (4.2.1) lib/active_support/tagged_logging.rb:68:in `tagged'
  railties (4.2.1) lib/rails/rack/logger.rb:20:in `call'
  actionpack (4.2.1) lib/action_dispatch/middleware/request_id.rb:21:in `call'
  rack (1.6.4) lib/rack/methodoverride.rb:22:in `call'
  rack (1.6.4) lib/rack/runtime.rb:18:in `call'
  activesupport (4.2.1) lib/active_support/cache/strategy/local_cache_middleware.rb:28:in `call'
  rack (1.6.4) lib/rack/lock.rb:17:in `call'
  actionpack (4.2.1) lib/action_dispatch/middleware/static.rb:113:in `call'
  rack (1.6.4) lib/rack/sendfile.rb:113:in `call'
  railties (4.2.1) lib/rails/engine.rb:518:in `call'
  railties (4.2.1) lib/rails/application.rb:164:in `call'
  rack (1.6.4) lib/rack/lock.rb:17:in `call'
  rack (1.6.4) lib/rack/content_length.rb:15:in `call'
  rack (1.6.4) lib/rack/handler/webrick.rb:88:in `service'
  /Users/eduardobaik/.rvm/rubies/ruby-2.0.0-p576/lib/ruby/2.0.0/webrick/httpserver.rb:138:in `service'
  /Users/eduardobaik/.rvm/rubies/ruby-2.0.0-p576/lib/ruby/2.0.0/webrick/httpserver.rb:94:in `run'
  /Users/eduardobaik/.rvm/rubies/ruby-2.0.0-p576/lib/ruby/2.0.0/webrick/server.rb:295:in `block in start_thread'


  Rendered /Users/eduardobaik/.rvm/gems/ruby-2.0.0-p576/gems/actionpack-4.2.1/lib/action_dispatch/middleware/templates/rescues/unknown_action.html.erb within rescues/layout (9.0ms)
  Rendered /Users/eduardobaik/.rvm/gems/ruby-2.0.0-p576/gems/web-console-2.2.1/lib/web_console/templates/_markup.html.erb (0.9ms)
  Rendered /Users/eduardobaik/.rvm/gems/ruby-2.0.0-p576/gems/web-console-2.2.1/lib/web_console/templates/_inner_console_markup.html.erb within layouts/inlined_string (0.6ms)
  Rendered /Users/eduardobaik/.rvm/gems/ruby-2.0.0-p576/gems/web-console-2.2.1/lib/web_console/templates/_prompt_box_markup.html.erb within layouts/inlined_string (0.4ms)
  Rendered /Users/eduardobaik/.rvm/gems/ruby-2.0.0-p576/gems/web-console-2.2.1/lib/web_console/templates/style.css.erb within layouts/inlined_string (0.8ms)
  Rendered /Users/eduardobaik/.rvm/gems/ruby-2.0.0-p576/gems/web-console-2.2.1/lib/web_console/templates/console.js.erb within layouts/javascript (27.3ms)
  Rendered /Users/eduardobaik/.rvm/gems/ruby-2.0.0-p576/gems/web-console-2.2.1/lib/web_console/templates/main.js.erb within layouts/javascript (0.3ms)
  Rendered /Users/eduardobaik/.rvm/gems/ruby-2.0.0-p576/gems/web-console-2.2.1/lib/web_console/templates/error_page.js.erb within layouts/javascript (0.4ms)
  Rendered /Users/eduardobaik/.rvm/gems/ruby-2.0.0-p576/gems/web-console-2.2.1/lib/web_console/templates/index.html.erb (62.0ms)


Started GET "/sessions/new" for ::1 at 2015-07-19 15:17:27 -0700
Processing by SessionsController#new as HTML
  Rendered sessions/new.html.erb within layouts/application (0.6ms)
Completed 200 OK in 2293ms (Views: 2282.6ms | ActiveRecord: 0.0ms)


Started GET "/assets/sessions.self-e3b0c44298fc1c149afbf4c8996fb92427ae41e4649b934ca495991b7852b855.css?body=1" for ::1 at 2015-07-19 15:17:29 -0700


Started GET "/assets/users.self-e3b0c44298fc1c149afbf4c8996fb92427ae41e4649b934ca495991b7852b855.css?body=1" for ::1 at 2015-07-19 15:17:29 -0700


Started GET "/assets/application.self-e80e8f2318043e8af94dddc2adad5a4f09739a8ebb323b3ab31cd71d45fd9113.css?body=1" for ::1 at 2015-07-19 15:17:29 -0700


Started GET "/assets/jquery.self-d03a5518f45df77341bdbe6201ba3bfa547ebba8ed64f0ea56bfa5f96ea7c074.js?body=1" for ::1 at 2015-07-19 15:17:29 -0700


Started GET "/assets/jquery_ujs.self-ca5248a2fad13d6bd58ea121318d642f195f0b2dd818b30615f785ff365e8d1f.js?body=1" for ::1 at 2015-07-19 15:17:29 -0700


Started GET "/assets/turbolinks.self-c37727e9bd6b2735da5c311aa83fead54ed0be6cc8bd9a65309e9c5abe2cbfff.js?body=1" for ::1 at 2015-07-19 15:17:29 -0700


Started GET "/assets/sessions.self-877aef30ae1b040ab8a3aba4e3e309a11d7f2612f44dde450b5c157aa5f95c05.js?body=1" for ::1 at 2015-07-19 15:17:29 -0700


Started GET "/assets/users.self-877aef30ae1b040ab8a3aba4e3e309a11d7f2612f44dde450b5c157aa5f95c05.js?body=1" for ::1 at 2015-07-19 15:17:29 -0700


Started GET "/assets/application.self-3b8dabdc891efe46b9a144b400ad69e37d7e5876bdc39dee783419a69d7ca819.js?body=1" for ::1 at 2015-07-19 15:17:29 -0700


Started GET "/sessions/new" for ::1 at 2015-07-19 15:18:51 -0700
Processing by SessionsController#new as HTML
  Rendered sessions/new.html.erb within layouts/application (0.5ms)
Completed 200 OK in 30ms (Views: 29.5ms | ActiveRecord: 0.0ms)


Started GET "/assets/jquery_ujs.self-ca5248a2fad13d6bd58ea121318d642f195f0b2dd818b30615f785ff365e8d1f.js?body=1" for ::1 at 2015-07-19 15:18:51 -0700


Started GET "/assets/sessions.self-e3b0c44298fc1c149afbf4c8996fb92427ae41e4649b934ca495991b7852b855.css?body=1" for ::1 at 2015-07-19 15:18:51 -0700


Started GET "/assets/users.self-e3b0c44298fc1c149afbf4c8996fb92427ae41e4649b934ca495991b7852b855.css?body=1" for ::1 at 2015-07-19 15:18:51 -0700


Started GET "/assets/application.self-e80e8f2318043e8af94dddc2adad5a4f09739a8ebb323b3ab31cd71d45fd9113.css?body=1" for ::1 at 2015-07-19 15:18:51 -0700


Started GET "/assets/jquery.self-d03a5518f45df77341bdbe6201ba3bfa547ebba8ed64f0ea56bfa5f96ea7c074.js?body=1" for ::1 at 2015-07-19 15:18:51 -0700


Started GET "/assets/turbolinks.self-c37727e9bd6b2735da5c311aa83fead54ed0be6cc8bd9a65309e9c5abe2cbfff.js?body=1" for ::1 at 2015-07-19 15:18:51 -0700


Started GET "/assets/sessions.self-877aef30ae1b040ab8a3aba4e3e309a11d7f2612f44dde450b5c157aa5f95c05.js?body=1" for ::1 at 2015-07-19 15:18:51 -0700


Started GET "/assets/users.self-877aef30ae1b040ab8a3aba4e3e309a11d7f2612f44dde450b5c157aa5f95c05.js?body=1" for ::1 at 2015-07-19 15:18:51 -0700


Started GET "/assets/application.self-3b8dabdc891efe46b9a144b400ad69e37d7e5876bdc39dee783419a69d7ca819.js?body=1" for ::1 at 2015-07-19 15:18:51 -0700


Started GET "/sessions/new" for ::1 at 2015-07-19 15:35:10 -0700
Processing by SessionsController#new as HTML
  Rendered sessions/new.html.erb within layouts/application (0.4ms)
Completed 200 OK in 28ms (Views: 27.3ms | ActiveRecord: 0.0ms)


Started GET "/assets/users.self-e3b0c44298fc1c149afbf4c8996fb92427ae41e4649b934ca495991b7852b855.css?body=1" for ::1 at 2015-07-19 15:35:10 -0700


Started GET "/assets/turbolinks.self-c37727e9bd6b2735da5c311aa83fead54ed0be6cc8bd9a65309e9c5abe2cbfff.js?body=1" for ::1 at 2015-07-19 15:35:10 -0700


Started GET "/assets/jquery.self-d03a5518f45df77341bdbe6201ba3bfa547ebba8ed64f0ea56bfa5f96ea7c074.js?body=1" for ::1 at 2015-07-19 15:35:10 -0700


Started GET "/assets/jquery_ujs.self-ca5248a2fad13d6bd58ea121318d642f195f0b2dd818b30615f785ff365e8d1f.js?body=1" for ::1 at 2015-07-19 15:35:10 -0700


Started GET "/assets/application.self-e80e8f2318043e8af94dddc2adad5a4f09739a8ebb323b3ab31cd71d45fd9113.css?body=1" for ::1 at 2015-07-19 15:35:10 -0700


Started GET "/assets/sessions.self-877aef30ae1b040ab8a3aba4e3e309a11d7f2612f44dde450b5c157aa5f95c05.js?body=1" for ::1 at 2015-07-19 15:35:10 -0700


Started GET "/assets/sessions.self-e3b0c44298fc1c149afbf4c8996fb92427ae41e4649b934ca495991b7852b855.css?body=1" for ::1 at 2015-07-19 15:35:10 -0700


Started GET "/assets/users.self-877aef30ae1b040ab8a3aba4e3e309a11d7f2612f44dde450b5c157aa5f95c05.js?body=1" for ::1 at 2015-07-19 15:35:10 -0700


Started GET "/assets/application.self-3b8dabdc891efe46b9a144b400ad69e37d7e5876bdc39dee783419a69d7ca819.js?body=1" for ::1 at 2015-07-19 15:35:10 -0700


Started POST "/sessions" for ::1 at 2015-07-19 15:35:16 -0700
Processing by SessionsController#create as HTML
  Parameters: {"authenticity_token"=>"eONpxG5nEySpa7T6LYCKubKWf0eLq8yenDoS/vaZd4hWcsMU96WzDmKOF3nEAEuTGZ5FxfDHvkAa/shm2X0unw==", "email"=>"kobe@lakers.com", "password"=>"[FILTERED]"}
  [1m[35mUser Load (1.0ms)[0m  SELECT  "users".* FROM "users" WHERE "users"."email" = $1 LIMIT 1  [["email", "kobe@lakers.com"]]
Completed 500 Internal Server Error in 126ms (ActiveRecord: 7.2ms)

ActionController::UrlGenerationError (No route matches {:action=>"show", :controller=>"users"} missing required keys: [:id]):
  app/controllers/sessions_controller.rb:10:in `create'


  Rendered /Users/eduardobaik/.rvm/gems/ruby-2.0.0-p576/gems/actionpack-4.2.1/lib/action_dispatch/middleware/templates/rescues/_source.erb (8.6ms)
  Rendered /Users/eduardobaik/.rvm/gems/ruby-2.0.0-p576/gems/actionpack-4.2.1/lib/action_dispatch/middleware/templates/rescues/_trace.html.erb (2.9ms)
  Rendered /Users/eduardobaik/.rvm/gems/ruby-2.0.0-p576/gems/actionpack-4.2.1/lib/action_dispatch/middleware/templates/rescues/_request_and_response.html.erb (1.1ms)
  Rendered /Users/eduardobaik/.rvm/gems/ruby-2.0.0-p576/gems/actionpack-4.2.1/lib/action_dispatch/middleware/templates/rescues/diagnostics.html.erb within rescues/layout (34.4ms)
  Rendered /Users/eduardobaik/.rvm/gems/ruby-2.0.0-p576/gems/web-console-2.2.1/lib/web_console/templates/_markup.html.erb (0.6ms)
  Rendered /Users/eduardobaik/.rvm/gems/ruby-2.0.0-p576/gems/web-console-2.2.1/lib/web_console/templates/_inner_console_markup.html.erb within layouts/inlined_string (0.5ms)
  Rendered /Users/eduardobaik/.rvm/gems/ruby-2.0.0-p576/gems/web-console-2.2.1/lib/web_console/templates/_prompt_box_markup.html.erb within layouts/inlined_string (0.3ms)
  Rendered /Users/eduardobaik/.rvm/gems/ruby-2.0.0-p576/gems/web-console-2.2.1/lib/web_console/templates/style.css.erb within layouts/inlined_string (0.3ms)
  Rendered /Users/eduardobaik/.rvm/gems/ruby-2.0.0-p576/gems/web-console-2.2.1/lib/web_console/templates/console.js.erb within layouts/javascript (22.3ms)
  Rendered /Users/eduardobaik/.rvm/gems/ruby-2.0.0-p576/gems/web-console-2.2.1/lib/web_console/templates/main.js.erb within layouts/javascript (0.3ms)
  Rendered /Users/eduardobaik/.rvm/gems/ruby-2.0.0-p576/gems/web-console-2.2.1/lib/web_console/templates/error_page.js.erb within layouts/javascript (0.4ms)
  Rendered /Users/eduardobaik/.rvm/gems/ruby-2.0.0-p576/gems/web-console-2.2.1/lib/web_console/templates/index.html.erb (44.4ms)


Started GET "/sessions/new" for ::1 at 2015-07-19 15:36:58 -0700

SyntaxError (/Users/eduardobaik/Desktop/secret_app/seeks/app/controllers/sessions_controller.rb:8: syntax error, unexpected tIDENTIFIER, expecting keyword_end):
  app/controllers/sessions_controller.rb:8: syntax error, unexpected tIDENTIFIER, expecting keyword_end


  Rendered /Users/eduardobaik/.rvm/gems/ruby-2.0.0-p576/gems/actionpack-4.2.1/lib/action_dispatch/middleware/templates/rescues/_source.erb (80.8ms)
  Rendered /Users/eduardobaik/.rvm/gems/ruby-2.0.0-p576/gems/actionpack-4.2.1/lib/action_dispatch/middleware/templates/rescues/_trace.html.erb (2.4ms)
  Rendered /Users/eduardobaik/.rvm/gems/ruby-2.0.0-p576/gems/actionpack-4.2.1/lib/action_dispatch/middleware/templates/rescues/_request_and_response.html.erb (1.2ms)
  Rendered /Users/eduardobaik/.rvm/gems/ruby-2.0.0-p576/gems/actionpack-4.2.1/lib/action_dispatch/middleware/templates/rescues/diagnostics.html.erb within rescues/layout (98.8ms)
  Rendered /Users/eduardobaik/.rvm/gems/ruby-2.0.0-p576/gems/web-console-2.2.1/lib/web_console/templates/_markup.html.erb (0.6ms)
  Rendered /Users/eduardobaik/.rvm/gems/ruby-2.0.0-p576/gems/web-console-2.2.1/lib/web_console/templates/_inner_console_markup.html.erb within layouts/inlined_string (0.4ms)
  Rendered /Users/eduardobaik/.rvm/gems/ruby-2.0.0-p576/gems/web-console-2.2.1/lib/web_console/templates/_prompt_box_markup.html.erb within layouts/inlined_string (0.4ms)
  Rendered /Users/eduardobaik/.rvm/gems/ruby-2.0.0-p576/gems/web-console-2.2.1/lib/web_console/templates/style.css.erb within layouts/inlined_string (0.7ms)
  Rendered /Users/eduardobaik/.rvm/gems/ruby-2.0.0-p576/gems/web-console-2.2.1/lib/web_console/templates/console.js.erb within layouts/javascript (16.0ms)
  Rendered /Users/eduardobaik/.rvm/gems/ruby-2.0.0-p576/gems/web-console-2.2.1/lib/web_console/templates/main.js.erb within layouts/javascript (0.2ms)
  Rendered /Users/eduardobaik/.rvm/gems/ruby-2.0.0-p576/gems/web-console-2.2.1/lib/web_console/templates/error_page.js.erb within layouts/javascript (0.4ms)
  Rendered /Users/eduardobaik/.rvm/gems/ruby-2.0.0-p576/gems/web-console-2.2.1/lib/web_console/templates/index.html.erb (34.4ms)


Started GET "/sessions/new" for ::1 at 2015-07-19 15:37:15 -0700
Processing by SessionsController#new as HTML
  Rendered sessions/new.html.erb within layouts/application (0.1ms)
Completed 200 OK in 25ms (Views: 24.0ms | ActiveRecord: 0.0ms)


Started GET "/assets/sessions.self-e3b0c44298fc1c149afbf4c8996fb92427ae41e4649b934ca495991b7852b855.css?body=1" for ::1 at 2015-07-19 15:37:15 -0700


Started GET "/assets/jquery_ujs.self-ca5248a2fad13d6bd58ea121318d642f195f0b2dd818b30615f785ff365e8d1f.js?body=1" for ::1 at 2015-07-19 15:37:15 -0700


Started GET "/assets/users.self-e3b0c44298fc1c149afbf4c8996fb92427ae41e4649b934ca495991b7852b855.css?body=1" for ::1 at 2015-07-19 15:37:15 -0700


Started GET "/assets/application.self-e80e8f2318043e8af94dddc2adad5a4f09739a8ebb323b3ab31cd71d45fd9113.css?body=1" for ::1 at 2015-07-19 15:37:15 -0700


Started GET "/assets/turbolinks.self-c37727e9bd6b2735da5c311aa83fead54ed0be6cc8bd9a65309e9c5abe2cbfff.js?body=1" for ::1 at 2015-07-19 15:37:15 -0700


Started GET "/assets/jquery.self-d03a5518f45df77341bdbe6201ba3bfa547ebba8ed64f0ea56bfa5f96ea7c074.js?body=1" for ::1 at 2015-07-19 15:37:15 -0700


Started GET "/assets/sessions.self-877aef30ae1b040ab8a3aba4e3e309a11d7f2612f44dde450b5c157aa5f95c05.js?body=1" for ::1 at 2015-07-19 15:37:15 -0700


Started GET "/assets/users.self-877aef30ae1b040ab8a3aba4e3e309a11d7f2612f44dde450b5c157aa5f95c05.js?body=1" for ::1 at 2015-07-19 15:37:15 -0700


Started GET "/assets/application.self-3b8dabdc891efe46b9a144b400ad69e37d7e5876bdc39dee783419a69d7ca819.js?body=1" for ::1 at 2015-07-19 15:37:15 -0700


Started POST "/sessions" for ::1 at 2015-07-19 15:37:20 -0700
Processing by SessionsController#create as HTML
  Parameters: {"authenticity_token"=>"QuKvO/4UPGpJg9PW3iLbiX4ymiXCQ/0DgqyrsC1fvB1scwXrZ9acQIJmcFU3ohqj1Tqgp7kvj90EaHEoArvlCg==", "email"=>"kobe@lakers.com", "password"=>"[FILTERED]"}
  [1m[36mUser Load (0.3ms)[0m  [1mSELECT  "users".* FROM "users" WHERE "users"."email" = $1 LIMIT 1[0m  [["email", "kobe@lakers.com"]]
Completed 500 Internal Server Error in 109ms (ActiveRecord: 2.9ms)

ActionController::UrlGenerationError (No route matches {:action=>"show", :controller=>"users"} missing required keys: [:id]):
  app/controllers/sessions_controller.rb:10:in `create'


  Rendered /Users/eduardobaik/.rvm/gems/ruby-2.0.0-p576/gems/actionpack-4.2.1/lib/action_dispatch/middleware/templates/rescues/_source.erb (4.9ms)
  Rendered /Users/eduardobaik/.rvm/gems/ruby-2.0.0-p576/gems/actionpack-4.2.1/lib/action_dispatch/middleware/templates/rescues/_trace.html.erb (2.2ms)
  Rendered /Users/eduardobaik/.rvm/gems/ruby-2.0.0-p576/gems/actionpack-4.2.1/lib/action_dispatch/middleware/templates/rescues/_request_and_response.html.erb (0.8ms)
  Rendered /Users/eduardobaik/.rvm/gems/ruby-2.0.0-p576/gems/actionpack-4.2.1/lib/action_dispatch/middleware/templates/rescues/diagnostics.html.erb within rescues/layout (19.2ms)
  Rendered /Users/eduardobaik/.rvm/gems/ruby-2.0.0-p576/gems/web-console-2.2.1/lib/web_console/templates/_markup.html.erb (0.4ms)
  Rendered /Users/eduardobaik/.rvm/gems/ruby-2.0.0-p576/gems/web-console-2.2.1/lib/web_console/templates/_inner_console_markup.html.erb within layouts/inlined_string (0.3ms)
  Rendered /Users/eduardobaik/.rvm/gems/ruby-2.0.0-p576/gems/web-console-2.2.1/lib/web_console/templates/_prompt_box_markup.html.erb within layouts/inlined_string (0.3ms)
  Rendered /Users/eduardobaik/.rvm/gems/ruby-2.0.0-p576/gems/web-console-2.2.1/lib/web_console/templates/style.css.erb within layouts/inlined_string (0.3ms)
  Rendered /Users/eduardobaik/.rvm/gems/ruby-2.0.0-p576/gems/web-console-2.2.1/lib/web_console/templates/console.js.erb within layouts/javascript (14.5ms)
  Rendered /Users/eduardobaik/.rvm/gems/ruby-2.0.0-p576/gems/web-console-2.2.1/lib/web_console/templates/main.js.erb within layouts/javascript (0.3ms)
  Rendered /Users/eduardobaik/.rvm/gems/ruby-2.0.0-p576/gems/web-console-2.2.1/lib/web_console/templates/error_page.js.erb within layouts/javascript (0.3ms)
  Rendered /Users/eduardobaik/.rvm/gems/ruby-2.0.0-p576/gems/web-console-2.2.1/lib/web_console/templates/index.html.erb (30.8ms)
  [1m[36mUser Load (2.3ms)[0m  [1mSELECT "users".* FROM "users"[0m


Started GET "/sessions/new" for ::1 at 2015-07-19 15:38:01 -0700
Processing by SessionsController#new as HTML
  Rendered sessions/new.html.erb within layouts/application (0.1ms)
Completed 200 OK in 27ms (Views: 26.2ms | ActiveRecord: 0.0ms)


Started GET "/assets/sessions.self-e3b0c44298fc1c149afbf4c8996fb92427ae41e4649b934ca495991b7852b855.css?body=1" for ::1 at 2015-07-19 15:38:01 -0700


Started GET "/assets/jquery_ujs.self-ca5248a2fad13d6bd58ea121318d642f195f0b2dd818b30615f785ff365e8d1f.js?body=1" for ::1 at 2015-07-19 15:38:01 -0700


Started GET "/assets/turbolinks.self-c37727e9bd6b2735da5c311aa83fead54ed0be6cc8bd9a65309e9c5abe2cbfff.js?body=1" for ::1 at 2015-07-19 15:38:01 -0700


Started GET "/assets/users.self-877aef30ae1b040ab8a3aba4e3e309a11d7f2612f44dde450b5c157aa5f95c05.js?body=1" for ::1 at 2015-07-19 15:38:01 -0700


Started GET "/assets/application.self-e80e8f2318043e8af94dddc2adad5a4f09739a8ebb323b3ab31cd71d45fd9113.css?body=1" for ::1 at 2015-07-19 15:38:01 -0700


Started GET "/assets/jquery.self-d03a5518f45df77341bdbe6201ba3bfa547ebba8ed64f0ea56bfa5f96ea7c074.js?body=1" for ::1 at 2015-07-19 15:38:01 -0700


Started GET "/assets/sessions.self-877aef30ae1b040ab8a3aba4e3e309a11d7f2612f44dde450b5c157aa5f95c05.js?body=1" for ::1 at 2015-07-19 15:38:01 -0700


Started GET "/assets/users.self-e3b0c44298fc1c149afbf4c8996fb92427ae41e4649b934ca495991b7852b855.css?body=1" for ::1 at 2015-07-19 15:38:01 -0700


Started GET "/assets/application.self-3b8dabdc891efe46b9a144b400ad69e37d7e5876bdc39dee783419a69d7ca819.js?body=1" for ::1 at 2015-07-19 15:38:01 -0700


Started POST "/sessions" for ::1 at 2015-07-19 15:38:06 -0700
Processing by SessionsController#create as HTML
  Parameters: {"authenticity_token"=>"z0H08FsrdhrI54gPdlAwxGI89BFEsfdqi6TlVpWgS2rh0F4gwunWMAMCK4yf0PHuyTTOkz/dhbQNYD/OukQSfQ==", "email"=>"kobe@lakers.com", "password"=>"[FILTERED]"}
  [1m[35mUser Load (0.4ms)[0m  SELECT  "users".* FROM "users" WHERE "users"."email" = $1 LIMIT 1  [["email", "kobe@lakers.com"]]
Redirected to http://localhost:3000/users/1
Completed 302 Found in 128ms (ActiveRecord: 3.7ms)


Started GET "/users/1" for ::1 at 2015-07-19 15:38:06 -0700
Processing by UsersController#show as HTML
  Parameters: {"id"=>"1"}
  [1m[36mUser Load (8.5ms)[0m  [1mSELECT  "users".* FROM "users" WHERE "users"."id" = $1 LIMIT 1[0m  [["id", 1]]
  Rendered users/show.html.erb within layouts/application (0.7ms)
Completed 200 OK in 41ms (Views: 29.4ms | ActiveRecord: 8.5ms)


Started GET "/sessions/new" for ::1 at 2015-07-19 15:38:25 -0700
Processing by SessionsController#new as HTML
  Rendered sessions/new.html.erb within layouts/application (0.1ms)
Completed 200 OK in 25ms (Views: 24.3ms | ActiveRecord: 0.0ms)


Started GET "/assets/sessions.self-e3b0c44298fc1c149afbf4c8996fb92427ae41e4649b934ca495991b7852b855.css?body=1" for ::1 at 2015-07-19 15:38:25 -0700


Started GET "/assets/application.self-e80e8f2318043e8af94dddc2adad5a4f09739a8ebb323b3ab31cd71d45fd9113.css?body=1" for ::1 at 2015-07-19 15:38:25 -0700


Started GET "/assets/turbolinks.self-c37727e9bd6b2735da5c311aa83fead54ed0be6cc8bd9a65309e9c5abe2cbfff.js?body=1" for ::1 at 2015-07-19 15:38:25 -0700


Started GET "/assets/users.self-e3b0c44298fc1c149afbf4c8996fb92427ae41e4649b934ca495991b7852b855.css?body=1" for ::1 at 2015-07-19 15:38:25 -0700


Started GET "/assets/jquery.self-d03a5518f45df77341bdbe6201ba3bfa547ebba8ed64f0ea56bfa5f96ea7c074.js?body=1" for ::1 at 2015-07-19 15:38:25 -0700


Started GET "/assets/jquery_ujs.self-ca5248a2fad13d6bd58ea121318d642f195f0b2dd818b30615f785ff365e8d1f.js?body=1" for ::1 at 2015-07-19 15:38:25 -0700


Started GET "/assets/sessions.self-877aef30ae1b040ab8a3aba4e3e309a11d7f2612f44dde450b5c157aa5f95c05.js?body=1" for ::1 at 2015-07-19 15:38:25 -0700


Started GET "/assets/users.self-877aef30ae1b040ab8a3aba4e3e309a11d7f2612f44dde450b5c157aa5f95c05.js?body=1" for ::1 at 2015-07-19 15:38:25 -0700


Started GET "/assets/application.self-3b8dabdc891efe46b9a144b400ad69e37d7e5876bdc39dee783419a69d7ca819.js?body=1" for ::1 at 2015-07-19 15:38:25 -0700


Started POST "/sessions" for ::1 at 2015-07-19 15:38:29 -0700
Processing by SessionsController#create as HTML
  Parameters: {"authenticity_token"=>"CQFq7/vl36ekSD0Lp8dh29mIa09u4VjRNyTMaDoAFW0nkMA/Yid/jW+tnohOR6DxcoBRzRWNKg+x4BbwFeRMeg==", "email"=>"kobe@lakers.com", "password"=>"[FILTERED]"}
  [1m[35mUser Load (0.3ms)[0m  SELECT  "users".* FROM "users" WHERE "users"."email" = $1 LIMIT 1  [["email", "kobe@lakers.com"]]
Completed 500 Internal Server Error in 108ms (ActiveRecord: 3.7ms)

NameError (undefined local variable or method `new_session' for #<SessionsController:0x007fa6b10ca080>):
  app/controllers/sessions_controller.rb:13:in `create'


  Rendered /Users/eduardobaik/.rvm/gems/ruby-2.0.0-p576/gems/actionpack-4.2.1/lib/action_dispatch/middleware/templates/rescues/_source.erb (5.7ms)
  Rendered /Users/eduardobaik/.rvm/gems/ruby-2.0.0-p576/gems/actionpack-4.2.1/lib/action_dispatch/middleware/templates/rescues/_trace.html.erb (2.1ms)
  Rendered /Users/eduardobaik/.rvm/gems/ruby-2.0.0-p576/gems/actionpack-4.2.1/lib/action_dispatch/middleware/templates/rescues/_request_and_response.html.erb (0.9ms)
  Rendered /Users/eduardobaik/.rvm/gems/ruby-2.0.0-p576/gems/actionpack-4.2.1/lib/action_dispatch/middleware/templates/rescues/diagnostics.html.erb within rescues/layout (23.5ms)
  Rendered /Users/eduardobaik/.rvm/gems/ruby-2.0.0-p576/gems/web-console-2.2.1/lib/web_console/templates/_markup.html.erb (0.3ms)
  Rendered /Users/eduardobaik/.rvm/gems/ruby-2.0.0-p576/gems/web-console-2.2.1/lib/web_console/templates/_inner_console_markup.html.erb within layouts/inlined_string (0.4ms)
  Rendered /Users/eduardobaik/.rvm/gems/ruby-2.0.0-p576/gems/web-console-2.2.1/lib/web_console/templates/_prompt_box_markup.html.erb within layouts/inlined_string (0.4ms)
  Rendered /Users/eduardobaik/.rvm/gems/ruby-2.0.0-p576/gems/web-console-2.2.1/lib/web_console/templates/style.css.erb within layouts/inlined_string (0.4ms)
  Rendered /Users/eduardobaik/.rvm/gems/ruby-2.0.0-p576/gems/web-console-2.2.1/lib/web_console/templates/console.js.erb within layouts/javascript (16.1ms)
  Rendered /Users/eduardobaik/.rvm/gems/ruby-2.0.0-p576/gems/web-console-2.2.1/lib/web_console/templates/main.js.erb within layouts/javascript (0.2ms)
  Rendered /Users/eduardobaik/.rvm/gems/ruby-2.0.0-p576/gems/web-console-2.2.1/lib/web_console/templates/error_page.js.erb within layouts/javascript (0.4ms)
  Rendered /Users/eduardobaik/.rvm/gems/ruby-2.0.0-p576/gems/web-console-2.2.1/lib/web_console/templates/index.html.erb (33.6ms)


Started GET "/sessions/new" for ::1 at 2015-07-19 15:38:41 -0700
Processing by SessionsController#new as HTML
  Rendered sessions/new.html.erb within layouts/application (0.2ms)
Completed 200 OK in 32ms (Views: 30.6ms | ActiveRecord: 0.0ms)


Started GET "/assets/sessions.self-e3b0c44298fc1c149afbf4c8996fb92427ae41e4649b934ca495991b7852b855.css?body=1" for ::1 at 2015-07-19 15:38:42 -0700


Started GET "/assets/jquery.self-d03a5518f45df77341bdbe6201ba3bfa547ebba8ed64f0ea56bfa5f96ea7c074.js?body=1" for ::1 at 2015-07-19 15:38:42 -0700


Started GET "/assets/jquery_ujs.self-ca5248a2fad13d6bd58ea121318d642f195f0b2dd818b30615f785ff365e8d1f.js?body=1" for ::1 at 2015-07-19 15:38:42 -0700


Started GET "/assets/turbolinks.self-c37727e9bd6b2735da5c311aa83fead54ed0be6cc8bd9a65309e9c5abe2cbfff.js?body=1" for ::1 at 2015-07-19 15:38:42 -0700


Started GET "/assets/users.self-e3b0c44298fc1c149afbf4c8996fb92427ae41e4649b934ca495991b7852b855.css?body=1" for ::1 at 2015-07-19 15:38:42 -0700


Started GET "/assets/application.self-e80e8f2318043e8af94dddc2adad5a4f09739a8ebb323b3ab31cd71d45fd9113.css?body=1" for ::1 at 2015-07-19 15:38:42 -0700


Started GET "/assets/sessions.self-877aef30ae1b040ab8a3aba4e3e309a11d7f2612f44dde450b5c157aa5f95c05.js?body=1" for ::1 at 2015-07-19 15:38:42 -0700


Started GET "/assets/users.self-877aef30ae1b040ab8a3aba4e3e309a11d7f2612f44dde450b5c157aa5f95c05.js?body=1" for ::1 at 2015-07-19 15:38:42 -0700


Started GET "/assets/application.self-3b8dabdc891efe46b9a144b400ad69e37d7e5876bdc39dee783419a69d7ca819.js?body=1" for ::1 at 2015-07-19 15:38:42 -0700


Started POST "/sessions" for ::1 at 2015-07-19 15:38:48 -0700
Processing by SessionsController#create as HTML
  Parameters: {"authenticity_token"=>"de/mDhfsG5yjDtPMFDl5x4qbVTTmlUJVMLsxQViva6tbfkzeji67tmjrcE/9ubjtIZNvtp35MIu2f+vZd0syvA==", "email"=>"sahfiuds@sfds.com", "password"=>"[FILTERED]"}
  [1m[36mUser Load (0.3ms)[0m  [1mSELECT  "users".* FROM "users" WHERE "users"."email" = $1 LIMIT 1[0m  [["email", "sahfiuds@sfds.com"]]
Redirected to http://localhost:3000/sessions/new
Completed 302 Found in 10ms (ActiveRecord: 1.3ms)


Started GET "/sessions/new" for ::1 at 2015-07-19 15:38:48 -0700
Processing by SessionsController#new as HTML
  Rendered sessions/new.html.erb within layouts/application (0.1ms)
Completed 500 Internal Server Error in 28ms (ActiveRecord: 0.0ms)

ActionView::Template::Error (undefined method `each' for "Invalid combination":String):
     9: <body>
    10: 
    11: <% if flash[:errors] %>
    12:   <% flash[:errors].each do |error| %>
    13:     <p><%= error %></p>
    14:   <% end %>
    15: <% end %>
  app/views/layouts/application.html.erb:12:in `_app_views_layouts_application_html_erb__3203369138466020513_70176928936200'


  Rendered /Users/eduardobaik/.rvm/gems/ruby-2.0.0-p576/gems/actionpack-4.2.1/lib/action_dispatch/middleware/templates/rescues/_source.erb (9.5ms)
  Rendered /Users/eduardobaik/.rvm/gems/ruby-2.0.0-p576/gems/actionpack-4.2.1/lib/action_dispatch/middleware/templates/rescues/_trace.html.erb (2.7ms)
  Rendered /Users/eduardobaik/.rvm/gems/ruby-2.0.0-p576/gems/actionpack-4.2.1/lib/action_dispatch/middleware/templates/rescues/_request_and_response.html.erb (81.8ms)
  Rendered /Users/eduardobaik/.rvm/gems/ruby-2.0.0-p576/gems/actionpack-4.2.1/lib/action_dispatch/middleware/templates/rescues/template_error.html.erb within rescues/layout (108.4ms)
  Rendered /Users/eduardobaik/.rvm/gems/ruby-2.0.0-p576/gems/web-console-2.2.1/lib/web_console/templates/_markup.html.erb (0.4ms)
  Rendered /Users/eduardobaik/.rvm/gems/ruby-2.0.0-p576/gems/web-console-2.2.1/lib/web_console/templates/_inner_console_markup.html.erb within layouts/inlined_string (0.6ms)
  Rendered /Users/eduardobaik/.rvm/gems/ruby-2.0.0-p576/gems/web-console-2.2.1/lib/web_console/templates/_prompt_box_markup.html.erb within layouts/inlined_string (0.3ms)
  Rendered /Users/eduardobaik/.rvm/gems/ruby-2.0.0-p576/gems/web-console-2.2.1/lib/web_console/templates/style.css.erb within layouts/inlined_string (0.5ms)
  Rendered /Users/eduardobaik/.rvm/gems/ruby-2.0.0-p576/gems/web-console-2.2.1/lib/web_console/templates/console.js.erb within layouts/javascript (17.3ms)
  Rendered /Users/eduardobaik/.rvm/gems/ruby-2.0.0-p576/gems/web-console-2.2.1/lib/web_console/templates/main.js.erb within layouts/javascript (0.3ms)
  Rendered /Users/eduardobaik/.rvm/gems/ruby-2.0.0-p576/gems/web-console-2.2.1/lib/web_console/templates/error_page.js.erb within layouts/javascript (0.4ms)
  Rendered /Users/eduardobaik/.rvm/gems/ruby-2.0.0-p576/gems/web-console-2.2.1/lib/web_console/templates/index.html.erb (37.1ms)


Started GET "/sessions/new" for ::1 at 2015-07-19 15:44:04 -0700
Processing by SessionsController#new as HTML
  Rendered sessions/new.html.erb within layouts/application (0.1ms)
Completed 500 Internal Server Error in 4ms (ActiveRecord: 0.0ms)

SyntaxError (/Users/eduardobaik/Desktop/secret_app/seeks/app/views/layouts/application.html.erb:25: syntax error, unexpected keyword_ensure, expecting keyword_end
/Users/eduardobaik/Desktop/secret_app/seeks/app/views/layouts/application.html.erb:27: syntax error, unexpected end-of-input, expecting keyword_end):
  app/views/layouts/application.html.erb:25: syntax error, unexpected keyword_ensure, expecting keyword_end
  app/views/layouts/application.html.erb:27: syntax error, unexpected end-of-input, expecting keyword_end


  Rendered /Users/eduardobaik/.rvm/gems/ruby-2.0.0-p576/gems/actionpack-4.2.1/lib/action_dispatch/middleware/templates/rescues/_source.erb (6.0ms)
  Rendered /Users/eduardobaik/.rvm/gems/ruby-2.0.0-p576/gems/actionpack-4.2.1/lib/action_dispatch/middleware/templates/rescues/_trace.html.erb (2.8ms)
  Rendered /Users/eduardobaik/.rvm/gems/ruby-2.0.0-p576/gems/actionpack-4.2.1/lib/action_dispatch/middleware/templates/rescues/_request_and_response.html.erb (0.9ms)
  Rendered /Users/eduardobaik/.rvm/gems/ruby-2.0.0-p576/gems/actionpack-4.2.1/lib/action_dispatch/middleware/templates/rescues/diagnostics.html.erb within rescues/layout (22.2ms)
  Rendered /Users/eduardobaik/.rvm/gems/ruby-2.0.0-p576/gems/web-console-2.2.1/lib/web_console/templates/_markup.html.erb (0.4ms)
  Rendered /Users/eduardobaik/.rvm/gems/ruby-2.0.0-p576/gems/web-console-2.2.1/lib/web_console/templates/_inner_console_markup.html.erb within layouts/inlined_string (0.3ms)
  Rendered /Users/eduardobaik/.rvm/gems/ruby-2.0.0-p576/gems/web-console-2.2.1/lib/web_console/templates/_prompt_box_markup.html.erb within layouts/inlined_string (0.4ms)
  Rendered /Users/eduardobaik/.rvm/gems/ruby-2.0.0-p576/gems/web-console-2.2.1/lib/web_console/templates/style.css.erb within layouts/inlined_string (0.3ms)
  Rendered /Users/eduardobaik/.rvm/gems/ruby-2.0.0-p576/gems/web-console-2.2.1/lib/web_console/templates/console.js.erb within layouts/javascript (15.4ms)
  Rendered /Users/eduardobaik/.rvm/gems/ruby-2.0.0-p576/gems/web-console-2.2.1/lib/web_console/templates/main.js.erb within layouts/javascript (0.3ms)
  Rendered /Users/eduardobaik/.rvm/gems/ruby-2.0.0-p576/gems/web-console-2.2.1/lib/web_console/templates/error_page.js.erb within layouts/javascript (0.4ms)
  Rendered /Users/eduardobaik/.rvm/gems/ruby-2.0.0-p576/gems/web-console-2.2.1/lib/web_console/templates/index.html.erb (34.0ms)


Started GET "/sessions/new" for ::1 at 2015-07-19 15:45:25 -0700
Processing by SessionsController#new as HTML
  Rendered sessions/new.html.erb within layouts/application (0.1ms)
Completed 200 OK in 30ms (Views: 29.3ms | ActiveRecord: 0.0ms)


Started GET "/assets/sessions.self-e3b0c44298fc1c149afbf4c8996fb92427ae41e4649b934ca495991b7852b855.css?body=1" for ::1 at 2015-07-19 15:45:25 -0700


Started GET "/assets/users.self-e3b0c44298fc1c149afbf4c8996fb92427ae41e4649b934ca495991b7852b855.css?body=1" for ::1 at 2015-07-19 15:45:25 -0700


Started GET "/assets/application.self-e80e8f2318043e8af94dddc2adad5a4f09739a8ebb323b3ab31cd71d45fd9113.css?body=1" for ::1 at 2015-07-19 15:45:25 -0700


Started GET "/assets/turbolinks.self-c37727e9bd6b2735da5c311aa83fead54ed0be6cc8bd9a65309e9c5abe2cbfff.js?body=1" for ::1 at 2015-07-19 15:45:25 -0700


Started GET "/assets/jquery_ujs.self-ca5248a2fad13d6bd58ea121318d642f195f0b2dd818b30615f785ff365e8d1f.js?body=1" for ::1 at 2015-07-19 15:45:26 -0700


Started GET "/assets/jquery.self-d03a5518f45df77341bdbe6201ba3bfa547ebba8ed64f0ea56bfa5f96ea7c074.js?body=1" for ::1 at 2015-07-19 15:45:26 -0700


Started GET "/assets/sessions.self-877aef30ae1b040ab8a3aba4e3e309a11d7f2612f44dde450b5c157aa5f95c05.js?body=1" for ::1 at 2015-07-19 15:45:26 -0700


Started GET "/assets/users.self-877aef30ae1b040ab8a3aba4e3e309a11d7f2612f44dde450b5c157aa5f95c05.js?body=1" for ::1 at 2015-07-19 15:45:26 -0700


Started GET "/assets/application.self-3b8dabdc891efe46b9a144b400ad69e37d7e5876bdc39dee783419a69d7ca819.js?body=1" for ::1 at 2015-07-19 15:45:26 -0700


Started POST "/sessions" for ::1 at 2015-07-19 15:45:34 -0700
Processing by SessionsController#create as HTML
  Parameters: {"authenticity_token"=>"S3B2bqsr7P1EAKO87iHcK/LOb2hM4WxdH5p77+JfLuFl4dy+MulM14/lAD8HoR0BWcZV6jeNHoOZXqF3zbt39g==", "email"=>"sfasfjk@asfs.com", "password"=>"[FILTERED]"}
  [1m[35mUser Load (0.5ms)[0m  SELECT  "users".* FROM "users" WHERE "users"."email" = $1 LIMIT 1  [["email", "sfasfjk@asfs.com"]]
Redirected to http://localhost:3000/sessions/new
Completed 302 Found in 3ms (ActiveRecord: 0.5ms)


Started GET "/sessions/new" for ::1 at 2015-07-19 15:45:34 -0700
Processing by SessionsController#new as HTML
  Rendered sessions/new.html.erb within layouts/application (0.1ms)
Completed 200 OK in 27ms (Views: 26.4ms | ActiveRecord: 0.0ms)


Started GET "/sessions/new" for ::1 at 2015-07-19 15:46:59 -0700
Processing by SessionsController#new as HTML
  Rendered sessions/new.html.erb within layouts/application (0.1ms)
Completed 200 OK in 106ms (Views: 105.4ms | ActiveRecord: 0.0ms)


Started GET "/assets/sessions.self-e3b0c44298fc1c149afbf4c8996fb92427ae41e4649b934ca495991b7852b855.css?body=1" for ::1 at 2015-07-19 15:46:59 -0700


Started GET "/assets/jquery.self-d03a5518f45df77341bdbe6201ba3bfa547ebba8ed64f0ea56bfa5f96ea7c074.js?body=1" for ::1 at 2015-07-19 15:46:59 -0700


Started GET "/assets/application.self-e80e8f2318043e8af94dddc2adad5a4f09739a8ebb323b3ab31cd71d45fd9113.css?body=1" for ::1 at 2015-07-19 15:46:59 -0700


Started GET "/assets/users.self-e3b0c44298fc1c149afbf4c8996fb92427ae41e4649b934ca495991b7852b855.css?body=1" for ::1 at 2015-07-19 15:46:59 -0700


Started GET "/assets/jquery_ujs.self-ca5248a2fad13d6bd58ea121318d642f195f0b2dd818b30615f785ff365e8d1f.js?body=1" for ::1 at 2015-07-19 15:46:59 -0700


Started GET "/assets/sessions.self-877aef30ae1b040ab8a3aba4e3e309a11d7f2612f44dde450b5c157aa5f95c05.js?body=1" for ::1 at 2015-07-19 15:46:59 -0700


Started GET "/assets/turbolinks.self-c37727e9bd6b2735da5c311aa83fead54ed0be6cc8bd9a65309e9c5abe2cbfff.js?body=1" for ::1 at 2015-07-19 15:46:59 -0700


Started GET "/assets/users.self-877aef30ae1b040ab8a3aba4e3e309a11d7f2612f44dde450b5c157aa5f95c05.js?body=1" for ::1 at 2015-07-19 15:46:59 -0700


Started GET "/assets/application.self-3b8dabdc891efe46b9a144b400ad69e37d7e5876bdc39dee783419a69d7ca819.js?body=1" for ::1 at 2015-07-19 15:46:59 -0700


Started POST "/sessions" for ::1 at 2015-07-19 15:47:06 -0700
Processing by SessionsController#create as HTML
  Parameters: {"authenticity_token"=>"1XlHWgldYOJ/n+ACsjjjy2nXi2gmpJAB//ugS8g+Exv76O2KkJ/AyLR6Q4FbuCLhwt+x6l3I4t95P3rT59pKDA==", "email"=>"asfsdaas@asdfs.com", "password"=>"[FILTERED]"}
  [1m[36mUser Load (0.2ms)[0m  [1mSELECT  "users".* FROM "users" WHERE "users"."email" = $1 LIMIT 1[0m  [["email", "asfsdaas@asdfs.com"]]
Redirected to http://localhost:3000/sessions/new
Completed 302 Found in 9ms (ActiveRecord: 1.1ms)


Started GET "/sessions/new" for ::1 at 2015-07-19 15:47:06 -0700
Processing by SessionsController#new as HTML
  Rendered sessions/new.html.erb within layouts/application (0.1ms)
Completed 200 OK in 30ms (Views: 29.5ms | ActiveRecord: 0.0ms)
